  Source.c
C:\Users\notdn\source\repos\27_06Main\27_06Main\Source.c(14,5): warning C4996: 'scanf': This function or variable may be unsafe. Consider using scanf_s instead. To disable deprecation, use _CRT_SECURE_NO_WARNINGS. See online help for details.
C:\Users\notdn\source\repos\27_06Main\27_06Main\Source.c(17,5): warning C4996: 'scanf': This function or variable may be unsafe. Consider using scanf_s instead. To disable deprecation, use _CRT_SECURE_NO_WARNINGS. See online help for details.
C:\Users\notdn\source\repos\27_06Main\27_06Main\Source.c(36,9): warning C4996: 'scanf': This function or variable may be unsafe. Consider using scanf_s instead. To disable deprecation, use _CRT_SECURE_NO_WARNINGS. See online help for details.
C:\Users\notdn\source\repos\27_06Main\27_06Main\Source.c(52,5): warning C4996: 'scanf': This function or variable may be unsafe. Consider using scanf_s instead. To disable deprecation, use _CRT_SECURE_NO_WARNINGS. See online help for details.
C:\Users\notdn\source\repos\27_06Main\27_06Main\Source.c(67,5): warning C4996: 'scanf': This function or variable may be unsafe. Consider using scanf_s instead. To disable deprecation, use _CRT_SECURE_NO_WARNINGS. See online help for details.
C:\Users\notdn\source\repos\27_06Main\27_06Main\Source.c(95,29): warning C4244: '=': conversion from 'double' to 'float', possible loss of data
C:\Users\notdn\source\repos\27_06Main\27_06Main\Source.c(96,29): warning C4244: '=': conversion from 'double' to 'float', possible loss of data
C:\Users\notdn\source\repos\27_06Main\27_06Main\Source.c(86,25): warning C4244: 'initializing': conversion from 'double' to 'float', possible loss of data
C:\Users\notdn\source\repos\27_06Main\27_06Main\Source.c(112,9): warning C4996: 'scanf': This function or variable may be unsafe. Consider using scanf_s instead. To disable deprecation, use _CRT_SECURE_NO_WARNINGS. See online help for details.
C:\Users\notdn\source\repos\27_06Main\27_06Main\Source.c(151,9): warning C4996: 'scanf': This function or variable may be unsafe. Consider using scanf_s instead. To disable deprecation, use _CRT_SECURE_NO_WARNINGS. See online help for details.
C:\Users\notdn\source\repos\27_06Main\27_06Main\Source.c(175,5): warning C4996: 'scanf': This function or variable may be unsafe. Consider using scanf_s instead. To disable deprecation, use _CRT_SECURE_NO_WARNINGS. See online help for details.
C:\Users\notdn\source\repos\27_06Main\27_06Main\Source.c(177,5): warning C4996: 'scanf': This function or variable may be unsafe. Consider using scanf_s instead. To disable deprecation, use _CRT_SECURE_NO_WARNINGS. See online help for details.
C:\Users\notdn\source\repos\27_06Main\27_06Main\Source.c(212,5): warning C4996: 'scanf': This function or variable may be unsafe. Consider using scanf_s instead. To disable deprecation, use _CRT_SECURE_NO_WARNINGS. See online help for details.
C:\Users\notdn\source\repos\27_06Main\27_06Main\Source.c(228,9): warning C4996: 'scanf': This function or variable may be unsafe. Consider using scanf_s instead. To disable deprecation, use _CRT_SECURE_NO_WARNINGS. See online help for details.
C:\Users\notdn\source\repos\27_06Main\27_06Main\Source.c(252,9): warning C4996: 'scanf': This function or variable may be unsafe. Consider using scanf_s instead. To disable deprecation, use _CRT_SECURE_NO_WARNINGS. See online help for details.
C:\Users\notdn\source\repos\27_06Main\27_06Main\Source.c(284,9): warning C4996: 'scanf': This function or variable may be unsafe. Consider using scanf_s instead. To disable deprecation, use _CRT_SECURE_NO_WARNINGS. See online help for details.
C:\Users\notdn\source\repos\27_06Main\27_06Main\Source.c(302,29): warning C4244: 'initializing': conversion from 'int' to 'float', possible loss of data
C:\Users\notdn\source\repos\27_06Main\27_06Main\Source.c(318,9): warning C4996: 'scanf': This function or variable may be unsafe. Consider using scanf_s instead. To disable deprecation, use _CRT_SECURE_NO_WARNINGS. See online help for details.
C:\Users\notdn\source\repos\27_06Main\27_06Main\Source.c(336,11): warning C4244: 'function': conversion from 'time_t' to 'unsigned int', possible loss of data
  27_06Main.vcxproj -> C:\Users\notdn\source\repos\27_06Main\x64\Debug\27_06Main.exe
